PLINK v1.90b6.21 64-bit (19 Oct 2020)
Options in effect:
  --bfile /Users/zhusinan/Downloads/adriana/Result3/Ref/ENSG00000159164.9_eur_hg38
  --out /Users/zhusinan/Downloads/adriana/Result3/Ref/ENSG00000159164.9_eur_hg38_012
  --recode A
  --threads 4

Hostname: 192.168.1.4
Working directory: /Users/zhusinan/Downloads/adriana/Result3
Start time: Thu Dec 18 16:52:56 2025

Random number seed: 1766047976
32768 MB RAM detected; reserving 16384 MB for main workspace.
30 variants loaded from .bim file.
503 people (240 males, 263 females) loaded from .fam.
Using 1 thread (no multithreaded calculations invoked).
Before main variant filters, 498 founders and 5 nonfounders present.
Calculating allele frequencies... done.
30 variants and 503 people pass filters and QC.
Note: No phenotypes present.
--recode A to
/Users/zhusinan/Downloads/adriana/Result3/Ref/ENSG00000159164.9_eur_hg38_012.raw
... done.

End time: Thu Dec 18 16:52:56 2025
